[2019-07-15T21:15:04.398] [INFO] ProtractorTest - chrome - ######## Start testcase : Customer Deposit with valid input########
[2019-07-15T21:15:05.953] [INFO] ProtractorTest - chrome - User Navigated to : http://www.way2automation.com/angularjs-protractor/banking/#/login
[2019-07-15T21:15:06.193] [INFO] ProtractorTest - chrome - Validation Pass => Webelement[By(css selector, [ng-click="customer()"])] present on screen
[2019-07-15T21:15:06.992] [INFO] ProtractorTest - chrome - Webelement : [By(css selector, [ng-click="customer()"])] clicked
[2019-07-15T21:15:07.561] [INFO] ProtractorTest - chrome - Webelement : [by.model("custId")] clicked
[2019-07-15T21:15:07.945] [INFO] ProtractorTest - chrome - Harry Potter has been selected from dropdown [by.model("custId")]
[2019-07-15T21:15:08.258] [INFO] ProtractorTest - chrome - Webelement : [By(xpath, //button[@type='submit'])] clicked
[2019-07-15T21:15:08.553] [INFO] ProtractorTest - chrome - Webelement : [By(css selector, [ng-click="deposit()"])] clicked
[2019-07-15T21:15:08.854] [INFO] ProtractorTest - chrome - Text : '230' typed in Webelement[By(xpath, //input[@placeholder='amount'])]
[2019-07-15T21:15:09.158] [INFO] ProtractorTest - chrome - Webelement : [By(xpath, //button[@type='submit'])] clicked
[2019-07-15T21:15:09.451] [INFO] ProtractorTest - chrome - Validation Pass => Webelement : [By(xpath, //span[@class='error ng-binding'])] contains text : Deposit Successful
[2019-07-15T21:15:09.675] [INFO] ProtractorTest - chrome - ######## End testcase : Customer Deposit with valid input ######## with status : passed
[2019-07-15T21:15:09.682] [INFO] ProtractorTest - chrome - ######## Start testcase : Customer Deposit with valid input########
[2019-07-15T21:15:10.483] [INFO] ProtractorTest - chrome - User Navigated to : http://www.way2automation.com/angularjs-protractor/banking/#/login
[2019-07-15T21:15:10.667] [INFO] ProtractorTest - chrome - Validation Pass => Webelement[By(css selector, [ng-click="customer()"])] present on screen
[2019-07-15T21:15:11.003] [INFO] ProtractorTest - chrome - Webelement : [By(css selector, [ng-click="customer()"])] clicked
[2019-07-15T21:15:11.312] [INFO] ProtractorTest - chrome - Webelement : [by.model("custId")] clicked
[2019-07-15T21:15:11.716] [INFO] ProtractorTest - chrome - Harry Potter has been selected from dropdown [by.model("custId")]
[2019-07-15T21:15:12.079] [INFO] ProtractorTest - chrome - Webelement : [By(xpath, //button[@type='submit'])] clicked
[2019-07-15T21:15:12.443] [INFO] ProtractorTest - chrome - Webelement : [By(css selector, [ng-click="deposit()"])] clicked
[2019-07-15T21:15:12.788] [INFO] ProtractorTest - chrome - Text : '321' typed in Webelement[By(xpath, //input[@placeholder='amount'])]
[2019-07-15T21:15:13.141] [INFO] ProtractorTest - chrome - Webelement : [By(xpath, //button[@type='submit'])] clicked
[2019-07-15T21:15:13.465] [INFO] ProtractorTest - chrome - Validation Pass => Webelement : [By(xpath, //span[@class='error ng-binding'])] contains text : Deposit Successful
[2019-07-15T21:15:13.689] [INFO] ProtractorTest - chrome - ######## End testcase : Customer Deposit with valid input ######## with status : passed
[2019-07-15T21:15:13.728] [INFO] ProtractorTest - 
[2019-07-15T21:15:13.769] [INFO] ProtractorTest - Zipped folder : ./reports/html/2019_07_15_21_15_13
[2019-07-15T21:15:13.770] [INFO] ProtractorTest - 
[2019-07-15T21:15:13.771] [INFO] ProtractorTest - Archived Folder : ./reports/html/2019_07_15_21_15_13
[2019-07-15T21:18:18.335] [INFO] ProtractorTest - chrome - ######## Start testcase : Customer Deposit with valid input########
[2019-07-15T21:18:19.725] [INFO] ProtractorTest - chrome - User Navigated to : http://www.way2automation.com/angularjs-protractor/banking/#/login
[2019-07-15T21:18:19.964] [INFO] ProtractorTest - chrome - Validation Pass => Webelement[By(css selector, [ng-click="customer()"])] present on screen
[2019-07-15T21:18:20.286] [INFO] ProtractorTest - chrome - Webelement : [By(css selector, [ng-click="customer()"])] clicked
[2019-07-15T21:18:20.807] [INFO] ProtractorTest - chrome - Webelement : [by.model("custId")] clicked
[2019-07-15T21:18:21.176] [INFO] ProtractorTest - chrome - Harry Potter has been selected from dropdown [by.model("custId")]
[2019-07-15T21:18:21.568] [INFO] ProtractorTest - chrome - Webelement : [By(xpath, //button[@type='submit'])] clicked
[2019-07-15T21:18:22.104] [INFO] ProtractorTest - chrome - Webelement : [By(css selector, [ng-click="deposit()"])] clicked
[2019-07-15T21:18:22.391] [INFO] ProtractorTest - chrome - Text : '230' typed in Webelement[By(xpath, //input[@placeholder='amount'])]
[2019-07-15T21:18:22.671] [INFO] ProtractorTest - chrome - Webelement : [By(xpath, //button[@type='submit'])] clicked
[2019-07-15T21:18:22.948] [INFO] ProtractorTest - chrome - Validation Pass => Webelement : [By(xpath, //span[@class='error ng-binding'])] contains text : Deposit Successful
[2019-07-15T21:18:23.172] [INFO] ProtractorTest - chrome - ######## End testcase : Customer Deposit with valid input ######## with status : passed
[2019-07-15T21:18:23.176] [INFO] ProtractorTest - chrome - ######## Start testcase : Customer Deposit with valid input########
[2019-07-15T21:18:23.938] [INFO] ProtractorTest - chrome - User Navigated to : http://www.way2automation.com/angularjs-protractor/banking/#/login
[2019-07-15T21:18:24.131] [INFO] ProtractorTest - chrome - Validation Pass => Webelement[By(css selector, [ng-click="customer()"])] present on screen
[2019-07-15T21:18:24.464] [INFO] ProtractorTest - chrome - Webelement : [By(css selector, [ng-click="customer()"])] clicked
[2019-07-15T21:18:24.778] [INFO] ProtractorTest - chrome - Webelement : [by.model("custId")] clicked
[2019-07-15T21:18:25.143] [INFO] ProtractorTest - chrome - Harry Potter has been selected from dropdown [by.model("custId")]
[2019-07-15T21:18:25.492] [INFO] ProtractorTest - chrome - Webelement : [By(xpath, //button[@type='submit'])] clicked
[2019-07-15T21:18:25.813] [INFO] ProtractorTest - chrome - Webelement : [By(css selector, [ng-click="deposit()"])] clicked
[2019-07-15T21:18:26.095] [INFO] ProtractorTest - chrome - Text : '321' typed in Webelement[By(xpath, //input[@placeholder='amount'])]
[2019-07-15T21:18:26.369] [INFO] ProtractorTest - chrome - Webelement : [By(xpath, //button[@type='submit'])] clicked
[2019-07-15T21:18:26.673] [INFO] ProtractorTest - chrome - Validation Pass => Webelement : [By(xpath, //span[@class='error ng-binding'])] contains text : Deposit Successful
[2019-07-15T21:18:26.895] [INFO] ProtractorTest - chrome - ######## End testcase : Customer Deposit with valid input ######## with status : passed
[2019-07-15T21:18:26.957] [INFO] ProtractorTest - Archived Folder : ./reports/html/2019_07_15_21_18_26
